<?xml version="1.0" encoding="UTF-8"?>
<testng-results skipped="0" failed="0" ignored="0" total="1" passed="1">
  <reporter-output>
  </reporter-output>
  <suite name="OauthTests.OauthWorkFlowTest" duration-ms="2224" started-at="2018-02-12T17:34:30Z" finished-at="2018-02-12T17:34:32Z">
    <groups>
    </groups>
    <test name="Command line test" duration-ms="2224" started-at="2018-02-12T17:34:30Z" finished-at="2018-02-12T17:34:32Z">
      <class name="OauthTests.OauthWorkFlowTest">
        <test-method status="PASS" signature="setup()[pri:0, instance:OauthTests.OauthWorkFlowTest@17497425]" name="setup" is-config="true" duration-ms="289" started-at="2018-02-12T12:34:30Z" finished-at="2018-02-12T12:34:30Z">
          <reporter-output>
          </reporter-output>
        </test-method> <!-- setup -->
        <test-method status="PASS" signature="makeSureUserAuthenticatedViaAccessToken()[pri:0, instance:OauthTests.OauthWorkFlowTest@17497425]" name="makeSureUserAuthenticatedViaAccessToken" duration-ms="1920" started-at="2018-02-12T12:34:30Z" finished-at="2018-02-12T12:34:32Z">
          <reporter-output>
          </reporter-output>
        </test-method> <!-- makeSureUserAuthenticatedViaAccessToken -->
      </class> <!-- OauthTests.OauthWorkFlowTest -->
    </test> <!-- Command line test -->
  </suite> <!-- OauthTests.OauthWorkFlowTest -->
</testng-results>
